<?xml version="1.0" encoding="UTF-8"?>
<testng-results ignored="0" total="1" passed="1" failed="0" skipped="0">
  <reporter-output>
  </reporter-output>
  <suite started-at="2025-03-26T21:13:27 IST" name="Default suite" finished-at="2025-03-26T21:13:31 IST" duration-ms="4100">
    <groups>
    </groups>
    <test started-at="2025-03-26T21:13:27 IST" name="Default test" finished-at="2025-03-26T21:13:31 IST" duration-ms="4100">
      <class name="test_Facebook.TestCase_1_LoginToFacebook_Correct_Cred">
        <test-method signature="loginWithCorrectCred()[pri:0, instance:test_Facebook.TestCase_1_LoginToFacebook_Correct_Cred@3d51f06e]" started-at="2025-03-26T21:13:27 IST" name="loginWithCorrectCred" finished-at="2025-03-26T21:13:31 IST" duration-ms="4059" status="PASS">
          <reporter-output>
          </reporter-output>
        </test-method> <!-- loginWithCorrectCred -->
      </class> <!-- test_Facebook.TestCase_1_LoginToFacebook_Correct_Cred -->
    </test> <!-- Default test -->
  </suite> <!-- Default suite -->
</testng-results>
